<?xml version="1.0" encoding="UTF-8"?>
<testsuite name="browser_mob" tests="1" skipped="0" failures="0" errors="0" timestamp="2017-04-21T07:42:20" hostname="IN-CH-Vijayaragavans.local" time="49.557">
  <properties/>
  <testcase name="testproxy" classname="browser_mob" time="49.557"/>
  <system-out><![CDATA[]]></system-out>
  <system-err><![CDATA[SLF4J: Failed to load class "org.slf4j.impl.StaticLoggerBinder".
SLF4J: Defaulting to no-operation (NOP) logger implementation
SLF4J: See http://www.slf4j.org/codes.html#StaticLoggerBinder for further details.
Apr 21, 2017 1:12:23 PM org.openqa.selenium.remote.ProtocolHandshake createSession
INFO: Detected dialect: OSS
]]></system-err>
</testsuite>
